<?xml version="1.0" encoding="UTF-8"?>
<!-- Generated by org.testng.reporters.JUnitReportReporter -->
<testsuite hostname="LAPTOP-HSI96FM0" failures="0" tests="1" name="Electronics.TC_Home_001" time="15.540" errors="0" timestamp="2022-04-11T13:03:50 IST" skipped="0">
  <testcase classname="Electronics.TC_Home_001" name="AddToCart" time="15.540"/>
  <system-out/>
</testsuite> <!-- Electronics.TC_Home_001 -->
